{"/home/andy/Desktop/tech-test/src/ts/githubApi.ts": {"path":"/home/andy/Desktop/tech-test/src/ts/githubApi.ts","statementMap":{"0":{"start":{"line":1,"column":0},"end":{"line":1,"column":25}},"1":{"start":{"line":25,"column":13},"end":{"line":37,"column":null}},"2":{"start":{"line":27,"column":4},"end":{"line":36,"column":null}},"3":{"start":{"line":29,"column":8},"end":{"line":35,"column":null}},"4":{"start":{"line":31,"column":16},"end":{"line":31,"column":null}},"5":{"start":{"line":34,"column":16},"end":{"line":34,"column":null}},"6":{"start":{"line":39,"column":13},"end":{"line":51,"column":null}},"7":{"start":{"line":41,"column":4},"end":{"line":50,"column":null}},"8":{"start":{"line":43,"column":8},"end":{"line":49,"column":null}},"9":{"start":{"line":45,"column":16},"end":{"line":45,"column":null}},"10":{"start":{"line":48,"column":16},"end":{"line":48,"column":null}},"11":{"start":{"line":53,"column":13},"end":{"line":66,"column":null}},"12":{"start":{"line":55,"column":4},"end":{"line":65,"column":null}},"13":{"start":{"line":57,"column":8},"end":{"line":64,"column":null}},"14":{"start":{"line":59,"column":16},"end":{"line":59,"column":null}},"15":{"start":{"line":60,"column":16},"end":{"line":60,"column":null}},"16":{"start":{"line":63,"column":16},"end":{"line":63,"column":null}},"17":{"start":{"line":68,"column":13},"end":{"line":81,"column":null}},"18":{"start":{"line":70,"column":4},"end":{"line":80,"column":null}},"19":{"start":{"line":72,"column":8},"end":{"line":79,"column":null}},"20":{"start":{"line":74,"column":16},"end":{"line":74,"column":null}},"21":{"start":{"line":75,"column":16},"end":{"line":75,"column":null}},"22":{"start":{"line":78,"column":16},"end":{"line":78,"column":null}}},"fnMap":{"0":{"name":"(anonymous_0)","decl":{"start":{"line":25,"column":33},"end":{"line":25,"column":34}},"loc":{"start":{"line":25,"column":56},"end":{"line":37,"column":1}}},"1":{"name":"(anonymous_1)","decl":{"start":{"line":27,"column":44},"end":{"line":27,"column":45}},"loc":{"start":{"line":27,"column":105},"end":{"line":36,"column":5}}},"2":{"name":"(anonymous_2)","decl":{"start":{"line":30,"column":18},"end":{"line":30,"column":26}},"loc":{"start":{"line":30,"column":29},"end":{"line":32,"column":13}}},"3":{"name":"(anonymous_3)","decl":{"start":{"line":33,"column":19},"end":{"line":33,"column":24}},"loc":{"start":{"line":33,"column":27},"end":{"line":35,"column":13}}},"4":{"name":"(anonymous_4)","decl":{"start":{"line":39,"column":29},"end":{"line":39,"column":30}},"loc":{"start":{"line":39,"column":50},"end":{"line":51,"column":1}}},"5":{"name":"(anonymous_5)","decl":{"start":{"line":41,"column":42},"end":{"line":41,"column":43}},"loc":{"start":{"line":41,"column":101},"end":{"line":50,"column":5}}},"6":{"name":"(anonymous_6)","decl":{"start":{"line":44,"column":18},"end":{"line":44,"column":26}},"loc":{"start":{"line":44,"column":29},"end":{"line":46,"column":13}}},"7":{"name":"(anonymous_7)","decl":{"start":{"line":47,"column":19},"end":{"line":47,"column":24}},"loc":{"start":{"line":47,"column":27},"end":{"line":49,"column":13}}},"8":{"name":"(anonymous_8)","decl":{"start":{"line":53,"column":35},"end":{"line":53,"column":36}},"loc":{"start":{"line":53,"column":56},"end":{"line":66,"column":1}}},"9":{"name":"(anonymous_9)","decl":{"start":{"line":55,"column":42},"end":{"line":55,"column":43}},"loc":{"start":{"line":55,"column":101},"end":{"line":65,"column":5}}},"10":{"name":"(anonymous_10)","decl":{"start":{"line":58,"column":18},"end":{"line":58,"column":26}},"loc":{"start":{"line":58,"column":29},"end":{"line":61,"column":13}}},"11":{"name":"(anonymous_11)","decl":{"start":{"line":62,"column":19},"end":{"line":62,"column":24}},"loc":{"start":{"line":62,"column":27},"end":{"line":64,"column":13}}},"12":{"name":"(anonymous_12)","decl":{"start":{"line":68,"column":41},"end":{"line":68,"column":42}},"loc":{"start":{"line":68,"column":62},"end":{"line":81,"column":1}}},"13":{"name":"(anonymous_13)","decl":{"start":{"line":70,"column":47},"end":{"line":70,"column":48}},"loc":{"start":{"line":70,"column":111},"end":{"line":80,"column":5}}},"14":{"name":"(anonymous_14)","decl":{"start":{"line":73,"column":18},"end":{"line":73,"column":26}},"loc":{"start":{"line":73,"column":29},"end":{"line":76,"column":13}}},"15":{"name":"(anonymous_15)","decl":{"start":{"line":77,"column":19},"end":{"line":77,"column":24}},"loc":{"start":{"line":77,"column":27},"end":{"line":79,"column":13}}}},"branchMap":{},"s":{"0":0,"1":0,"2":0,"3":0,"4":0,"5":0,"6":0,"7":0,"8":0,"9":0,"10":0,"11":0,"12":0,"13":0,"14":0,"15":0,"16":0,"17":0,"18":0,"19":0,"20":0,"21":0,"22":0},"f":{"0":0,"1":0,"2":0,"3":0,"4":0,"5":0,"6":0,"7":0,"8":0,"9":0,"10":0,"11":0,"12":0,"13":0,"14":0,"15":0},"b":{}}
,"/home/andy/Desktop/tech-test/src/ts/helper.ts": {"path":"/home/andy/Desktop/tech-test/src/ts/helper.ts","statementMap":{"0":{"start":{"line":1,"column":0},"end":{"line":1,"column":27}},"1":{"start":{"line":3,"column":13},"end":{"line":9,"column":null}},"2":{"start":{"line":5,"column":17},"end":{"line":5,"column":37}},"3":{"start":{"line":6,"column":26},"end":{"line":6,"column":59}},"4":{"start":{"line":8,"column":4},"end":{"line":8,"column":null}}},"fnMap":{"0":{"name":"(anonymous_0)","decl":{"start":{"line":3,"column":26},"end":{"line":3,"column":27}},"loc":{"start":{"line":3,"column":49},"end":{"line":9,"column":3}}}},"branchMap":{},"s":{"0":1,"1":1,"2":1,"3":1,"4":1},"f":{"0":1},"b":{}}
}
