TN:
SF:/home/andy/Desktop/tech-test/src/ts/githubApi.ts
FN:25,(anonymous_0)
FN:27,(anonymous_1)
FN:30,(anonymous_2)
FN:33,(anonymous_3)
FN:39,(anonymous_4)
FN:41,(anonymous_5)
FN:44,(anonymous_6)
FN:47,(anonymous_7)
FN:53,(anonymous_8)
FN:55,(anonymous_9)
FN:58,(anonymous_10)
FN:62,(anonymous_11)
FN:68,(anonymous_12)
FN:70,(anonymous_13)
FN:73,(anonymous_14)
FN:77,(anonymous_15)
FNF:16
FNH:0
FNDA:0,(anonymous_0)
FNDA:0,(anonymous_1)
FNDA:0,(anonymous_2)
FNDA:0,(anonymous_3)
FNDA:0,(anonymous_4)
FNDA:0,(anonymous_5)
FNDA:0,(anonymous_6)
FNDA:0,(anonymous_7)
FNDA:0,(anonymous_8)
FNDA:0,(anonymous_9)
FNDA:0,(anonymous_10)
FNDA:0,(anonymous_11)
FNDA:0,(anonymous_12)
FNDA:0,(anonymous_13)
FNDA:0,(anonymous_14)
FNDA:0,(anonymous_15)
DA:1,0
DA:25,0
DA:27,0
DA:29,0
DA:31,0
DA:34,0
DA:39,0
DA:41,0
DA:43,0
DA:45,0
DA:48,0
DA:53,0
DA:55,0
DA:57,0
DA:59,0
DA:60,0
DA:63,0
DA:68,0
DA:70,0
DA:72,0
DA:74,0
DA:75,0
DA:78,0
LF:23
LH:0
BRF:0
BRH:0
end_of_record
TN:
SF:/home/andy/Desktop/tech-test/src/ts/helper.ts
FN:3,(anonymous_0)
FNF:1
FNH:1
FNDA:1,(anonymous_0)
DA:1,1
DA:3,1
DA:5,1
DA:6,1
DA:8,1
LF:5
LH:5
BRF:0
BRH:0
end_of_record
